Flutter crash report.
Please report a bug at https://github.com/flutter/flutter/issues.

## command

flutter run

## exception

RPCError: getVM: (-32000) Service connection disposed

```
#0      new _OutstandingRequest (package:vm_service/src/vm_service.dart:261:34)
#1      VmService._call.<anonymous closure> (package:vm_service/src/vm_service.dart:1778:25)
#2      VmService._call (package:vm_service/src/vm_service.dart:1790:8)
#3      VmService.getVM (package:vm_service/src/vm_service.dart:1245:25)
#4      FlutterDevice.initLogReader (package:flutter_tools/src/resident_runner.dart:428:55)
#5      HotRunner.attach (package:flutter_tools/src/run_hot.dart:266:21)
<asynchronous suspension>
#6      RunCommand.runCommand (package:flutter_tools/src/commands/run.dart:867:27)
<asynchronous suspension>
#7      FlutterCommand.run.<anonymous closure> (package:flutter_tools/src/runner/flutter_command.dart:1408:27)
<asynchronous suspension>
#8      AppContext.run.<anonymous closure> (package:flutter_tools/src/base/context.dart:153:19)
<asynchronous suspension>
#9      CommandRunner.runCommand (package:args/command_runner.dart:212:13)
<asynchronous suspension>
#10     FlutterCommandRunner.runCommand.<anonymous closure> (package:flutter_tools/src/runner/flutter_command_runner.dart:420:9)
<asynchronous suspension>
#11     AppContext.run.<anonymous closure> (package:flutter_tools/src/base/context.dart:153:19)
<asynchronous suspension>
#12     FlutterCommandRunner.runCommand (package:flutter_tools/src/runner/flutter_command_runner.dart:364:5)
<asynchronous suspension>
#13     run.<anonymous closure>.<anonymous closure> (package:flutter_tools/runner.dart:130:9)
<asynchronous suspension>
#14     AppContext.run.<anonymous closure> (package:flutter_tools/src/base/context.dart:153:19)
<asynchronous suspension>
#15     main (package:flutter_tools/executable.dart:93:3)
<asynchronous suspension>
```

## flutter doctor

```
[32m[✓][39m Flutter (Channel stable, 3.24.5, on macOS 15.0.1 24A348 darwin-arm64, locale
    en-PK)
    [32m•[39m Flutter version 3.24.5 on channel stable at
      /Users/macbookpro/development/flutter
    [32m•[39m Upstream repository https://github.com/flutter/flutter.git
    [32m•[39m Framework revision dec2ee5c1f (3 months ago), 2024-11-13 11:13:06 -0800
    [32m•[39m Engine revision a18df97ca5
    [32m•[39m Dart version 3.5.4
    [32m•[39m DevTools version 2.37.3

[33m[!][39m Android toolchain - develop for Android devices (Android SDK version 34.0.0)
    [32m•[39m Android SDK at /Users/macbookpro/Library/Android/sdk
    [32m•[39m Platform android-34, build-tools 34.0.0
    [32m•[39m Java binary at: /Applications/Android
      Studio.app/Contents/jbr/Contents/Home/bin/java
    [32m•[39m Java version OpenJDK Runtime Environment (build 21.0.3+-79915917-b509.11)
    [33m![39m Some Android licenses not accepted. To resolve this, run: flutter doctor
      --android-licenses

[32m[✓][39m Xcode - develop for iOS and macOS (Xcode 16.2)
    [32m•[39m Xcode at /Applications/Xcode.app/Contents/Developer
    [32m•[39m Build 16C5032a
    [32m•[39m CocoaPods version 1.16.2

[32m[✓][39m Chrome - develop for the web
    [32m•[39m Chrome at /Applications/Google Chrome.app/Contents/MacOS/Google Chrome

[32m[✓][39m Android Studio (version 2024.2)
    [32m•[39m Android Studio at /Applications/Android Studio.app/Contents
    [32m•[39m Flutter plugin can be installed from:
      🔨 https://plugins.jetbrains.com/plugin/9212-flutter
    [32m•[39m Dart plugin can be installed from:
      🔨 https://plugins.jetbrains.com/plugin/6351-dart
    [32m•[39m Java version OpenJDK Runtime Environment (build 21.0.3+-79915917-b509.11)

[32m[✓][39m VS Code (version 1.97.2)
    [32m•[39m VS Code at /Users/macbookpro/Downloads/Visual Studio Code.app/Contents
    [32m•[39m Flutter extension version 3.104.0

[32m[✓][39m Connected device (4 available)
    [32m•[39m sdk gphone64 arm64 (mobile)     • emulator-5554         • android-arm64  •
      Android 15 (API 35) (emulator)
    [32m•[39m macOS (desktop)                 • macos                 • darwin-arm64   •
      macOS 15.0.1 24A348 darwin-arm64
    [32m•[39m Mac Designed for iPad (desktop) • mac-designed-for-ipad • darwin         •
      macOS 15.0.1 24A348 darwin-arm64
    [32m•[39m Chrome (web)                    • chrome                • web-javascript •
      Google Chrome 133.0.6943.100
    [33m![39m Error: Browsing on the local area network for Hot zayd. Ensure the device
      is unlocked and attached with a cable or associated with the same local
      area network as this Mac.
      The device must be opted into Developer Mode to connect wirelessly. (code
      -27)

[32m[✓][39m Network resources
    [32m•[39m All expected network resources are available.

[33m![39m Doctor found issues in 1 category.
```
